<?xml version="1.0" encoding="utf-8"?><testsuites name="pytest tests"><testsuite name="pytest" errors="0" failures="1" skipped="5" tests="15" time="3.119" timestamp="2026-02-21T19:45:14.541784+00:00" hostname="agent-env-0d692af6-dea3-44aa-84e7-be1500012e90"><testcase classname="backend.tests.test_scene_and_notifications.TestAuth" name="test_register_new_user" time="0.588" /><testcase classname="backend.tests.test_scene_and_notifications.TestAuth" name="test_login_registered_user" time="0.341" /><testcase classname="backend.tests.test_scene_and_notifications.TestAuth" name="test_login_invalid_credentials" time="0.332" /><testcase classname="backend.tests.test_scene_and_notifications.TestSceneUpdate" name="test_update_nonexistent_scene_returns_404" time="0.446" /><testcase classname="backend.tests.test_scene_and_notifications.TestSceneUpdate" name="test_update_scene_unauthorized_returns_403" time="0.401"><skipped type="pytest.skip" message="No scenes created with story">/app/backend/tests/test_scene_and_notifications.py:147: No scenes created with story</skipped></testcase><testcase classname="backend.tests.test_scene_and_notifications.TestSceneUpdate" name="test_update_scene_text_success" time="0.000"><skipped type="pytest.skip" message="No scenes created with story">/app/backend/tests/test_scene_and_notifications.py:169: No scenes created with story</skipped></testcase><testcase classname="backend.tests.test_scene_and_notifications.TestGenerateImage" name="test_generate_image_nonexistent_scene_returns_404" time="0.193" /><testcase classname="backend.tests.test_scene_and_notifications.TestGenerateImage" name="test_generate_image_returns_image_url" time="0.000"><skipped type="pytest.skip" message="No scenes created with story">/app/backend/tests/test_scene_and_notifications.py:196: No scenes created with story</skipped></testcase><testcase classname="backend.tests.test_scene_and_notifications.TestGenerateVideo" name="test_generate_video_no_image_returns_400" time="0.000"><skipped type="pytest.skip" message="No scenes created with story">/app/backend/tests/test_scene_and_notifications.py:215: No scenes created with story</skipped></testcase><testcase classname="backend.tests.test_scene_and_notifications.TestGenerateVideo" name="test_generate_video_valid_scene_starts_job" time="0.000"><skipped type="pytest.skip" message="No scenes created with story">/app/backend/tests/test_scene_and_notifications.py:229: No scenes created with story</skipped></testcase><testcase classname="backend.tests.test_scene_and_notifications.TestBatchGenerateVideos" name="test_batch_generate_no_images_returns_400" time="0.234" /><testcase classname="backend.tests.test_scene_and_notifications.TestBatchGenerateVideos" name="test_batch_generate_nonexistent_story_returns_404" time="0.107" /><testcase classname="backend.tests.test_scene_and_notifications.TestNotifications" name="test_get_notifications_authenticated" time="0.113" /><testcase classname="backend.tests.test_scene_and_notifications.TestNotifications" name="test_get_notifications_unauthenticated_returns_401" time="0.111" /><testcase classname="backend.tests.test_scene_and_notifications.TestWellbeingSettings" name="test_get_wellbeing_settings_returns_parent_email_field" time="0.167"><failure message="AssertionError: parent_email field missing from settings: dict_keys(['user_id', 'session_cap_minutes', 'session_cap_enabled', 'parent_pin_set', 'child_name'])&#10;assert 'parent_email' in {'child_name': 'Test Scene User', 'parent_pin_set': False, 'session_cap_enabled': True, 'session_cap_minutes': 25, ...}">backend/tests/test_scene_and_notifications.py:320: in test_get_wellbeing_settings_returns_parent_email_field
    assert "parent_email" in data, f"parent_email field missing from settings: {data.keys()}"
E   AssertionError: parent_email field missing from settings: dict_keys(['user_id', 'session_cap_minutes', 'session_cap_enabled', 'parent_pin_set', 'child_name'])
E   assert 'parent_email' in {'child_name': 'Test Scene User', 'parent_pin_set': False, 'session_cap_enabled': True, 'session_cap_minutes': 25, ...}</failure></testcase></testsuite></testsuites>